This file contains any messages produced by compilers while
running configure, to aid debugging if configure makes a mistake.

It was created by mongo-c-driver configure 1.6.3, which was
generated by GNU Autoconf 2.69.  Invocation command line was

  $ ./configure --with-libbson=bundled

## --------- ##
## Platform. ##
## --------- ##

hostname = mjose-mbp15
uname -m = x86_64
uname -r = 16.7.0
uname -s = Darwin
uname -v = Darwin Kernel Version 16.7.0: Thu Jun 15 17:36:27 PDT 2017; root:xnu-3789.70.16~2/RELEASE_X86_64

/usr/bin/uname -p = i386
/bin/uname -X     = unknown

/bin/arch              = unknown
/usr/bin/arch -k       = unknown
/usr/convex/getsysinfo = unknown
/usr/bin/hostinfo      = Mach kernel version:
	 Darwin Kernel Version 16.7.0: Thu Jun 15 17:36:27 PDT 2017; root:xnu-3789.70.16~2/RELEASE_X86_64
Kernel configured for up to 8 processors.
4 processors are physically available.
8 processors are logically available.
Processor type: x86_64h (Intel x86-64h Haswell)
Processors active: 0 1 2 3 4 5 6 7
Primary memory available: 16.00 gigabytes
Default processor set: 378 tasks, 1863 threads, 8 processors
Load average: 3.16, Mach factor: 4.84
/bin/machine           = unknown
/usr/bin/oslevel       = unknown
/bin/universe          = unknown

PATH: /usr/local/bin
PATH: /usr/bin
PATH: /bin
PATH: /usr/sbin
PATH: /sbin
PATH: /usr/local/go/bin


## ----------- ##
## Core tests. ##
## ----------- ##

configure:2639: Current version (from VERSION_CURRENT file): 1.6.3
configure:2765: checking for gcc
configure:2781: found /usr/bin/gcc
configure:2792: result: gcc
configure:3021: checking for C compiler version
configure:3030: gcc --version >&5
Apple LLVM version 8.1.0 (clang-802.0.42)
Target: x86_64-apple-darwin16.7.0
Thread model: posix
InstalledDir: /Library/Developer/CommandLineTools/usr/bin
Configured with: --prefix=/Library/Developer/CommandLineTools/usr --with-gxx-include-dir=/usr/include/c++/4.2.1
configure:3041: $? = 0
configure:3030: gcc -v >&5
Configured with: --prefix=/Library/Developer/CommandLineTools/usr --with-gxx-include-dir=/usr/include/c++/4.2.1
Apple LLVM version 8.1.0 (clang-802.0.42)
Target: x86_64-apple-darwin16.7.0
Thread model: posix
InstalledDir: /Library/Developer/CommandLineTools/usr/bin
configure:3041: $? = 0
configure:3030: gcc -V >&5
clang: error: argument to '-V' is missing (expected 1 value)
clang: error: no input files
configure:3041: $? = 1
configure:3030: gcc -qversion >&5
clang: error: unknown argument: '-qversion'
clang: error: no input files
configure:3041: $? = 1
configure:3061: checking whether the C compiler works
configure:3083: gcc  -I/usr/local/opt/openssl/include -L/usr/local/opt/openssl/lib conftest.c  >&5
configure:3087: $? = 0
configure:3135: result: yes
configure:3138: checking for C compiler default output file name
configure:3140: result: a.out
configure:3146: checking for suffix of executables
configure:3153: gcc -o conftest  -I/usr/local/opt/openssl/include -L/usr/local/opt/openssl/lib conftest.c  >&5
configure:3157: $? = 0
configure:3179: result: 
configure:3201: checking whether we are cross compiling
configure:3209: gcc -o conftest  -I/usr/local/opt/openssl/include -L/usr/local/opt/openssl/lib conftest.c  >&5
configure:3213: $? = 0
configure:3220: ./conftest
configure:3224: $? = 0
configure:3239: result: no
configure:3244: checking for suffix of object files
configure:3266: gcc -c  -I/usr/local/opt/openssl/include conftest.c >&5
configure:3270: $? = 0
configure:3291: result: o
configure:3295: checking whether we are using the GNU C compiler
configure:3314: gcc -c  -I/usr/local/opt/openssl/include conftest.c >&5
configure:3314: $? = 0
configure:3323: result: yes
configure:3332: checking whether gcc accepts -g
configure:3352: gcc -c -g -I/usr/local/opt/openssl/include conftest.c >&5
configure:3352: $? = 0
configure:3393: result: yes
configure:3410: checking for gcc option to accept ISO C89
configure:3473: gcc  -c  -I/usr/local/opt/openssl/include conftest.c >&5
configure:3473: $? = 0
configure:3486: result: none needed
configure:3514: checking whether gcc understands -c and -o together
configure:3536: gcc -c conftest.c -o conftest2.o
configure:3539: $? = 0
configure:3536: gcc -c conftest.c -o conftest2.o
configure:3539: $? = 0
configure:3551: result: yes
configure:3626: checking for g++
configure:3642: found /usr/bin/g++
configure:3653: result: g++
configure:3680: checking for C++ compiler version
configure:3689: g++ --version >&5
Apple LLVM version 8.1.0 (clang-802.0.42)
Target: x86_64-apple-darwin16.7.0
Thread model: posix
InstalledDir: /Library/Developer/CommandLineTools/usr/bin
Configured with: --prefix=/Library/Developer/CommandLineTools/usr --with-gxx-include-dir=/usr/include/c++/4.2.1
configure:3700: $? = 0
configure:3689: g++ -v >&5
Configured with: --prefix=/Library/Developer/CommandLineTools/usr --with-gxx-include-dir=/usr/include/c++/4.2.1
Apple LLVM version 8.1.0 (clang-802.0.42)
Target: x86_64-apple-darwin16.7.0
Thread model: posix
InstalledDir: /Library/Developer/CommandLineTools/usr/bin
configure:3700: $? = 0
configure:3689: g++ -V >&5
clang: error: argument to '-V' is missing (expected 1 value)
clang: error: no input files
configure:3700: $? = 1
configure:3689: g++ -qversion >&5
clang: error: unknown argument: '-qversion'
clang: error: no input files
configure:3700: $? = 1
configure:3704: checking whether we are using the GNU C++ compiler
configure:3723: g++ -c  -I/usr/local/opt/openssl/include conftest.cpp >&5
configure:3723: $? = 0
configure:3732: result: yes
configure:3741: checking whether g++ accepts -g
configure:3761: g++ -c -g -I/usr/local/opt/openssl/include conftest.cpp >&5
configure:3761: $? = 0
configure:3802: result: yes
configure:3858: gcc -c  -I/usr/local/opt/openssl/include conftest.c >&5
conftest.c:11:2: error: Not a supported GCC compiler
#error Not a supported GCC compiler
 ^
1 error generated.
configure:3858: $? = 1
configure: failed program was:
| /* confdefs.h */
| #define PACKAGE_NAME "mongo-c-driver"
| #define PACKAGE_TARNAME "mongo-c-driver"
| #define PACKAGE_VERSION "1.6.3"
| #define PACKAGE_STRING "mongo-c-driver 1.6.3"
| #define PACKAGE_BUGREPORT "https://jira.mongodb.org/browse/CDRIVER"
| #define PACKAGE_URL ""
| /* end confdefs.h.  */
| 
| #if !(defined(__GNUC__) && !defined(__clang__) && !defined(__INTEL_COMPILER))
| #error Not a supported GCC compiler
| #endif
| #if defined(__GNUC__)
| #define GCC_VERSION (__GNUC__ * 10000                      + __GNUC_MINOR__ * 100                      + __GNUC_PATCHLEVEL__)
| #if GCC_VERSION < 40100
| #error Not a supported GCC compiler
| #endif
| #endif
| 
| int
| main ()
| {
| 
|   ;
|   return 0;
| }
configure:3882: gcc -c  -I/usr/local/opt/openssl/include conftest.c >&5
configure:3882: $? = 0
configure:3901: gcc -c  -I/usr/local/opt/openssl/include conftest.c >&5
conftest.c:11:2: error: Not a supported Sun compiler
#error Not a supported Sun compiler
 ^
1 error generated.
configure:3901: $? = 1
configure: failed program was:
| /* confdefs.h */
| #define PACKAGE_NAME "mongo-c-driver"
| #define PACKAGE_TARNAME "mongo-c-driver"
| #define PACKAGE_VERSION "1.6.3"
| #define PACKAGE_STRING "mongo-c-driver 1.6.3"
| #define PACKAGE_BUGREPORT "https://jira.mongodb.org/browse/CDRIVER"
| #define PACKAGE_URL ""
| /* end confdefs.h.  */
| 
| #if !(defined(__SUNPRO_C))
| #error Not a supported Sun compiler
| #endif
| 
| int
| main ()
| {
| 
|   ;
|   return 0;
| }
configure:3927: checking accept ARG2 => struct sockaddr ARG3 => socklen_t 
configure:3947: gcc -c  -I/usr/local/opt/openssl/include -Werror conftest.c >&5
configure:3947: $? = 0
configure:3950: result: ok
configure:4341: gcc -c  -I/usr/local/opt/openssl/include conftest.c >&5
conftest.c:12:10: fatal error: 'features.h' file not found
#include <features.h>
         ^
1 error generated.
configure:4341: $? = 1
configure: failed program was:
| /* confdefs.h */
| #define PACKAGE_NAME "mongo-c-driver"
| #define PACKAGE_TARNAME "mongo-c-driver"
| #define PACKAGE_VERSION "1.6.3"
| #define PACKAGE_STRING "mongo-c-driver 1.6.3"
| #define PACKAGE_BUGREPORT "https://jira.mongodb.org/browse/CDRIVER"
| #define PACKAGE_URL ""
| #define ACCEPT_ARG2 struct sockaddr
| #define ACCEPT_ARG3 socklen_t
| /* end confdefs.h.  */
| 
| #include <features.h>
| #ifndef __GLIBC__
| #error not glibc
| #endif
| 
| int
| main ()
| {
| 
|   ;
|   return 0;
| }
configure:4349: checking for an ANSI C-conforming const
configure:4415: gcc -c  -I/usr/local/opt/openssl/include conftest.c >&5
configure:4415: $? = 0
configure:4422: result: yes
configure:4430: checking for inline
configure:4446: gcc -c  -I/usr/local/opt/openssl/include conftest.c >&5
configure:4446: $? = 0
configure:4454: result: inline
configure:4473: checking for typeof syntax and keyword spelling
configure:4504: gcc -c  -I/usr/local/opt/openssl/include conftest.c >&5
configure:4504: $? = 0
configure:4511: result: typeof
configure:4529: checking for perl
configure:4547: found /usr/bin/perl
configure:4559: result: /usr/bin/perl
configure:4573: checking for mv
configure:4591: found /bin/mv
configure:4603: result: /bin/mv
configure:4617: checking for grep
configure:4635: found /usr/bin/grep
configure:4647: result: /usr/bin/grep
configure:4664: checking how to run the C preprocessor
configure:4695: gcc -E -I/usr/local/opt/openssl/include conftest.c
configure:4695: $? = 0
configure:4709: gcc -E -I/usr/local/opt/openssl/include conftest.c
conftest.c:12:10: fatal error: 'ac_nonexistent.h' file not found
#include <ac_nonexistent.h>
         ^
1 error generated.
configure:4709: $? = 1
configure: failed program was:
| /* confdefs.h */
| #define PACKAGE_NAME "mongo-c-driver"
| #define PACKAGE_TARNAME "mongo-c-driver"
| #define PACKAGE_VERSION "1.6.3"
| #define PACKAGE_STRING "mongo-c-driver 1.6.3"
| #define PACKAGE_BUGREPORT "https://jira.mongodb.org/browse/CDRIVER"
| #define PACKAGE_URL ""
| #define ACCEPT_ARG2 struct sockaddr
| #define ACCEPT_ARG3 socklen_t
| #define HAVE_TYPEOF 1
| /* end confdefs.h.  */
| #include <ac_nonexistent.h>
configure:4734: result: gcc -E
configure:4754: gcc -E -I/usr/local/opt/openssl/include conftest.c
configure:4754: $? = 0
configure:4768: gcc -E -I/usr/local/opt/openssl/include conftest.c
conftest.c:12:10: fatal error: 'ac_nonexistent.h' file not found
#include <ac_nonexistent.h>
         ^
1 error generated.
configure:4768: $? = 1
configure: failed program was:
| /* confdefs.h */
| #define PACKAGE_NAME "mongo-c-driver"
| #define PACKAGE_TARNAME "mongo-c-driver"
| #define PACKAGE_VERSION "1.6.3"
| #define PACKAGE_STRING "mongo-c-driver 1.6.3"
| #define PACKAGE_BUGREPORT "https://jira.mongodb.org/browse/CDRIVER"
| #define PACKAGE_URL ""
| #define ACCEPT_ARG2 struct sockaddr
| #define ACCEPT_ARG3 socklen_t
| #define HAVE_TYPEOF 1
| /* end confdefs.h.  */
| #include <ac_nonexistent.h>
configure:4797: checking for grep that handles long lines and -e
configure:4855: result: /usr/bin/grep
configure:4860: checking for egrep
configure:4922: result: /usr/bin/grep -E
configure:4927: checking for ANSI C header files
configure:4947: gcc -c  -I/usr/local/opt/openssl/include conftest.c >&5
configure:4947: $? = 0
configure:5020: gcc -o conftest  -I/usr/local/opt/openssl/include -L/usr/local/opt/openssl/lib conftest.c  >&5
configure:5020: $? = 0
configure:5020: ./conftest
configure:5020: $? = 0
configure:5031: result: yes
configure:5044: checking for sys/types.h
configure:5044: gcc -c  -I/usr/local/opt/openssl/include conftest.c >&5
configure:5044: $? = 0
configure:5044: result: yes
configure:5044: checking for sys/stat.h
configure:5044: gcc -c  -I/usr/local/opt/openssl/include conftest.c >&5
configure:5044: $? = 0
configure:5044: result: yes
configure:5044: checking for stdlib.h
configure:5044: gcc -c  -I/usr/local/opt/openssl/include conftest.c >&5
configure:5044: $? = 0
configure:5044: result: yes
configure:5044: checking for string.h
configure:5044: gcc -c  -I/usr/local/opt/openssl/include conftest.c >&5
configure:5044: $? = 0
configure:5044: result: yes
configure:5044: checking for memory.h
configure:5044: gcc -c  -I/usr/local/opt/openssl/include conftest.c >&5
configure:5044: $? = 0
configure:5044: result: yes
configure:5044: checking for strings.h
configure:5044: gcc -c  -I/usr/local/opt/openssl/include conftest.c >&5
configure:5044: $? = 0
configure:5044: result: yes
configure:5044: checking for inttypes.h
configure:5044: gcc -c  -I/usr/local/opt/openssl/include conftest.c >&5
configure:5044: $? = 0
configure:5044: result: yes
configure:5044: checking for stdint.h
configure:5044: gcc -c  -I/usr/local/opt/openssl/include conftest.c >&5
configure:5044: $? = 0
configure:5044: result: yes
configure:5044: checking for unistd.h
configure:5044: gcc -c  -I/usr/local/opt/openssl/include conftest.c >&5
configure:5044: $? = 0
configure:5044: result: yes
configure:5062: checking for strings.h
configure:5062: result: yes
configure:5080: checking for sphinx-build
configure:5113: result: no
configure:5133: checking for a BSD-compatible install
configure:5201: result: /usr/bin/install -c
configure:5218: checking build system type
configure:5232: result: x86_64-apple-darwin16.7.0
configure:5252: checking host system type
configure:5265: result: x86_64-apple-darwin16.7.0
configure:5340: checking target system type
configure:5353: result: x86_64-apple-darwin16.7.0
configure:5794: checking how to print strings
configure:5821: result: printf
configure:5842: checking for a sed that does not truncate output
configure:5906: result: /usr/bin/sed
configure:5924: checking for fgrep
configure:5986: result: /usr/bin/grep -F
configure:6021: checking for ld used by gcc
configure:6088: result: /Library/Developer/CommandLineTools/usr/bin/ld
configure:6095: checking if the linker (/Library/Developer/CommandLineTools/usr/bin/ld) is GNU ld
configure:6110: result: no
configure:6122: checking for BSD- or MS-compatible name lister (nm)
configure:6176: result: /usr/bin/nm -B
configure:6306: checking the name lister (/usr/bin/nm -B) interface
configure:6313: gcc -c  -I/usr/local/opt/openssl/include conftest.c >&5
configure:6316: /usr/bin/nm -B "conftest.o"
configure:6319: output
0000000000000000 S _some_variable
configure:6326: result: BSD nm
configure:6329: checking whether ln -s works
configure:6333: result: yes
configure:6341: checking the maximum length of command line arguments
configure:6472: result: 196608
configure:6520: checking how to convert x86_64-apple-darwin16.7.0 file names to x86_64-apple-darwin16.7.0 format
configure:6560: result: func_convert_file_noop
configure:6567: checking how to convert x86_64-apple-darwin16.7.0 file names to toolchain format
configure:6587: result: func_convert_file_noop
configure:6594: checking for /Library/Developer/CommandLineTools/usr/bin/ld option to reload object files
configure:6601: result: -r
configure:6675: checking for objdump
configure:6702: result: objdump
configure:6731: checking how to recognize dependent libraries
configure:6931: result: pass_all
configure:7016: checking for dlltool
configure:7043: result: dlltool
configure:7073: checking how to associate runtime and link libraries
configure:7100: result: printf %s\n
configure:7160: checking for ar
configure:7176: found /usr/bin/ar
configure:7187: result: ar
configure:7224: checking for archiver @FILE support
configure:7241: gcc -c  -I/usr/local/opt/openssl/include conftest.c >&5
configure:7241: $? = 0
configure:7244: ar cru libconftest.a @conftest.lst >&5
ar: @conftest.lst: No such file or directory
configure:7247: $? = 1
configure:7267: result: no
configure:7325: checking for strip
configure:7341: found /usr/bin/strip
configure:7352: result: strip
configure:7424: checking for ranlib
configure:7440: found /usr/bin/ranlib
configure:7451: result: ranlib
configure:7528: checking for gawk
configure:7558: result: no
configure:7528: checking for mawk
configure:7558: result: no
configure:7528: checking for nawk
configure:7558: result: no
configure:7528: checking for awk
configure:7544: found /usr/bin/awk
configure:7555: result: awk
configure:7595: checking command to parse /usr/bin/nm -B output from gcc object
configure:7748: gcc -c  -I/usr/local/opt/openssl/include conftest.c >&5
configure:7751: $? = 0
configure:7755: /usr/bin/nm -B conftest.o \| sed -n -e 's/^.*[ ]\([BCDEGRST][BCDEGRST]*\)[ ][ ]*\([_A-Za-z][_A-Za-z0-9]*\)$/\1 \2 \2/p' | sed '/ __gnu_lto/d' \> conftest.nm
configure:7758: $? = 0
cannot find nm_test_var in conftest.nm
configure:7748: gcc -c  -I/usr/local/opt/openssl/include conftest.c >&5
configure:7751: $? = 0
configure:7755: /usr/bin/nm -B conftest.o \| sed -n -e 's/^.*[ ]\([BCDEGRST][BCDEGRST]*\)[ ][ ]*_\([_A-Za-z][_A-Za-z0-9]*\)$/\1 _\2 \2/p' | sed '/ __gnu_lto/d' \> conftest.nm
configure:7758: $? = 0
configure:7824: gcc -o conftest  -I/usr/local/opt/openssl/include -L/usr/local/opt/openssl/lib conftest.c conftstm.o >&5
configure:7827: $? = 0
configure:7865: result: ok
configure:7912: checking for sysroot
configure:7942: result: no
configure:7949: checking for a working dd
configure:7987: result: /bin/dd
configure:7991: checking how to truncate binary pipes
configure:8006: result: /bin/dd bs=4096 count=1
configure:8335: checking for mt
configure:8365: result: no
configure:8385: checking if : is a manifest tool
configure:8391: : '-?'
configure:8399: result: no
configure:8455: checking for dsymutil
configure:8471: found /usr/bin/dsymutil
configure:8482: result: dsymutil
configure:8547: checking for nmedit
configure:8563: found /usr/bin/nmedit
configure:8574: result: nmedit
configure:8639: checking for lipo
configure:8655: found /usr/bin/lipo
configure:8666: result: lipo
configure:8731: checking for otool
configure:8747: found /usr/bin/otool
configure:8758: result: otool
configure:8823: checking for otool64
configure:8853: result: no
configure:8898: checking for -single_module linker flag
gcc  -L/usr/local/opt/openssl/lib -o libconftest.dylib -dynamiclib -Wl,-single_module conftest.c
configure:8931: result: yes
configure:8934: checking for -exported_symbols_list linker flag
configure:8954: gcc -o conftest  -I/usr/local/opt/openssl/include -L/usr/local/opt/openssl/lib -Wl,-exported_symbols_list,conftest.sym conftest.c  >&5
configure:8954: $? = 0
configure:8964: result: yes
configure:8967: checking for -force_load linker flag
gcc  -c -o conftest.o conftest.c
ar cru libconftest.a conftest.o
ranlib libconftest.a
gcc  -L/usr/local/opt/openssl/lib -o conftest conftest.c -Wl,-force_load,./libconftest.a
configure:8999: result: yes
configure:9073: checking for dlfcn.h
configure:9073: gcc -c  -I/usr/local/opt/openssl/include conftest.c >&5
configure:9073: $? = 0
configure:9073: result: yes
configure:9308: checking for objdir
configure:9323: result: .libs
configure:9587: checking if gcc supports -fno-rtti -fno-exceptions
configure:9605: gcc -c  -I/usr/local/opt/openssl/include -fno-rtti -fno-exceptions conftest.c >&5
configure:9609: $? = 0
configure:9622: result: yes
configure:9980: checking for gcc option to produce PIC
configure:9987: result: -fno-common -DPIC
configure:9995: checking if gcc PIC flag -fno-common -DPIC works
configure:10013: gcc -c  -I/usr/local/opt/openssl/include -fno-common -DPIC -DPIC conftest.c >&5
configure:10017: $? = 0
configure:10030: result: yes
configure:10059: checking if gcc static flag -static works
configure:10087: result: no
configure:10102: checking if gcc supports -c -o file.o
configure:10123: gcc -c  -I/usr/local/opt/openssl/include -o out/conftest2.o conftest.c >&5
configure:10127: $? = 0
configure:10149: result: yes
configure:10157: checking if gcc supports -c -o file.o
configure:10204: result: yes
configure:10237: checking whether the gcc linker (/Library/Developer/CommandLineTools/usr/bin/ld) supports shared libraries
configure:11500: result: yes
configure:11740: checking dynamic linker characteristics
configure:12570: result: darwin16.7.0 dyld
configure:12692: checking how to hardcode library paths into programs
configure:12717: result: immediate
configure:13265: checking whether stripping libraries is possible
configure:13279: result: yes
configure:13305: checking if libtool supports shared libraries
configure:13307: result: yes
configure:13310: checking whether to build shared libraries
configure:13335: result: yes
configure:13338: checking whether to build static libraries
configure:13342: result: no
configure:13365: checking how to run the C++ preprocessor
configure:13392: g++ -E -I/usr/local/opt/openssl/include conftest.cpp
configure:13392: $? = 0
configure:13406: g++ -E -I/usr/local/opt/openssl/include conftest.cpp
conftest.cpp:25:10: fatal error: 'ac_nonexistent.h' file not found
#include <ac_nonexistent.h>
         ^
1 error generated.
configure:13406: $? = 1
configure: failed program was:
| /* confdefs.h */
| #define PACKAGE_NAME "mongo-c-driver"
| #define PACKAGE_TARNAME "mongo-c-driver"
| #define PACKAGE_VERSION "1.6.3"
| #define PACKAGE_STRING "mongo-c-driver 1.6.3"
| #define PACKAGE_BUGREPORT "https://jira.mongodb.org/browse/CDRIVER"
| #define PACKAGE_URL ""
| #define ACCEPT_ARG2 struct sockaddr
| #define ACCEPT_ARG3 socklen_t
| #define HAVE_TYPEOF 1
| #define STDC_HEADERS 1
| #define HAVE_SYS_TYPES_H 1
| #define HAVE_SYS_STAT_H 1
| #define HAVE_STDLIB_H 1
| #define HAVE_STRING_H 1
| #define HAVE_MEMORY_H 1
| #define HAVE_STRINGS_H 1
| #define HAVE_INTTYPES_H 1
| #define HAVE_STDINT_H 1
| #define HAVE_UNISTD_H 1
| #define HAVE_STRINGS_H 1
| #define HAVE_DLFCN_H 1
| #define LT_OBJDIR ".libs/"
| /* end confdefs.h.  */
| #include <ac_nonexistent.h>
configure:13431: result: g++ -E
configure:13451: g++ -E -I/usr/local/opt/openssl/include conftest.cpp
configure:13451: $? = 0
configure:13465: g++ -E -I/usr/local/opt/openssl/include conftest.cpp
conftest.cpp:25:10: fatal error: 'ac_nonexistent.h' file not found
#include <ac_nonexistent.h>
         ^
1 error generated.
configure:13465: $? = 1
configure: failed program was:
| /* confdefs.h */
| #define PACKAGE_NAME "mongo-c-driver"
| #define PACKAGE_TARNAME "mongo-c-driver"
| #define PACKAGE_VERSION "1.6.3"
| #define PACKAGE_STRING "mongo-c-driver 1.6.3"
| #define PACKAGE_BUGREPORT "https://jira.mongodb.org/browse/CDRIVER"
| #define PACKAGE_URL ""
| #define ACCEPT_ARG2 struct sockaddr
| #define ACCEPT_ARG3 socklen_t
| #define HAVE_TYPEOF 1
| #define STDC_HEADERS 1
| #define HAVE_SYS_TYPES_H 1
| #define HAVE_SYS_STAT_H 1
| #define HAVE_STDLIB_H 1
| #define HAVE_STRING_H 1
| #define HAVE_MEMORY_H 1
| #define HAVE_STRINGS_H 1
| #define HAVE_INTTYPES_H 1
| #define HAVE_STDINT_H 1
| #define HAVE_UNISTD_H 1
| #define HAVE_STRINGS_H 1
| #define HAVE_DLFCN_H 1
| #define LT_OBJDIR ".libs/"
| /* end confdefs.h.  */
| #include <ac_nonexistent.h>
configure:13627: checking for ld used by g++
configure:13694: result: /Library/Developer/CommandLineTools/usr/bin/ld
configure:13701: checking if the linker (/Library/Developer/CommandLineTools/usr/bin/ld) is GNU ld
configure:13716: result: no
configure:13771: checking whether the g++ linker (/Library/Developer/CommandLineTools/usr/bin/ld) supports shared libraries
configure:14844: result: yes
configure:14880: g++ -c  -I/usr/local/opt/openssl/include conftest.cpp >&5
configure:14883: $? = 0
configure:15364: checking for g++ option to produce PIC
configure:15371: result: -fno-common -DPIC
configure:15379: checking if g++ PIC flag -fno-common -DPIC works
configure:15397: g++ -c  -I/usr/local/opt/openssl/include -fno-common -DPIC -DPIC conftest.cpp >&5
configure:15401: $? = 0
configure:15414: result: yes
configure:15437: checking if g++ static flag -static works
configure:15465: result: no
configure:15477: checking if g++ supports -c -o file.o
configure:15498: g++ -c  -I/usr/local/opt/openssl/include -o out/conftest2.o conftest.cpp >&5
configure:15502: $? = 0
configure:15524: result: yes
configure:15529: checking if g++ supports -c -o file.o
configure:15576: result: yes
configure:15606: checking whether the g++ linker (/Library/Developer/CommandLineTools/usr/bin/ld) supports shared libraries
configure:15649: result: yes
configure:15790: checking dynamic linker characteristics
configure:16547: result: darwin16.7.0 dyld
configure:16612: checking how to hardcode library paths into programs
configure:16637: result: immediate
configure:16701: checking whether to do a debug build
configure:16710: result: no
configure:16713: checking whether to enable tracing
configure:16722: result: no
configure:16725: checking whether to automatic init and cleanup
configure:16734: result: yes
configure:16737: checking whether to enable optimized builds
configure:16752: result: yes
configure:16755: checking whether to enable shared memory performance counters
configure:16764: result: yes
configure:16767: checking whether to enable code coverage support
configure:16776: result: no
configure:16779: checking whether to enable debug symbols
configure:16800: result: no
configure:16935: checking for pkg-config
configure:16953: found /usr/local/bin/pkg-config
configure:16965: result: /usr/local/bin/pkg-config
configure:16990: checking pkg-config is at least version 0.9.0
configure:16993: result: yes
configure:17005: checking for SASL
configure:17012: $PKG_CONFIG --exists --print-errors "libsasl2"
Package libsasl2 was not found in the pkg-config search path.
Perhaps you should add the directory containing `libsasl2.pc'
to the PKG_CONFIG_PATH environment variable
No package 'libsasl2' found
configure:17015: $? = 1
configure:17029: $PKG_CONFIG --exists --print-errors "libsasl2"
Package libsasl2 was not found in the pkg-config search path.
Perhaps you should add the directory containing `libsasl2.pc'
to the PKG_CONFIG_PATH environment variable
No package 'libsasl2' found
configure:17032: $? = 1
configure:17046: result: no
No package 'libsasl2' found
configure:17065: checking for sasl_client_init in -lsasl2
configure:17090: gcc -o conftest  -I/usr/local/opt/openssl/include -L/usr/local/opt/openssl/lib conftest.c -lsasl2   >&5
configure:17090: $? = 0
configure:17099: result: yes
configure:17107: checking for sasl_client_init in -lsasl
configure:17132: gcc -o conftest  -I/usr/local/opt/openssl/include -L/usr/local/opt/openssl/lib conftest.c -lsasl   >&5
ld: library not found for -lsasl
clang: error: linker command failed with exit code 1 (use -v to see invocation)
configure:17132: $? = 1
configure: failed program was:
| /* confdefs.h */
| #define PACKAGE_NAME "mongo-c-driver"
| #define PACKAGE_TARNAME "mongo-c-driver"
| #define PACKAGE_VERSION "1.6.3"
| #define PACKAGE_STRING "mongo-c-driver 1.6.3"
| #define PACKAGE_BUGREPORT "https://jira.mongodb.org/browse/CDRIVER"
| #define PACKAGE_URL ""
| #define ACCEPT_ARG2 struct sockaddr
| #define ACCEPT_ARG3 socklen_t
| #define HAVE_TYPEOF 1
| #define STDC_HEADERS 1
| #define HAVE_SYS_TYPES_H 1
| #define HAVE_SYS_STAT_H 1
| #define HAVE_STDLIB_H 1
| #define HAVE_STRING_H 1
| #define HAVE_MEMORY_H 1
| #define HAVE_STRINGS_H 1
| #define HAVE_INTTYPES_H 1
| #define HAVE_STDINT_H 1
| #define HAVE_UNISTD_H 1
| #define HAVE_STRINGS_H 1
| #define HAVE_DLFCN_H 1
| #define LT_OBJDIR ".libs/"
| /* end confdefs.h.  */
| 
| /* Override any GCC internal prototype to avoid an error.
|    Use char because int might match the return type of a GCC
|    builtin and then its argument prototype would still apply.  */
| #ifdef __cplusplus
| extern "C"
| #endif
| char sasl_client_init ();
| int
| main ()
| {
| return sasl_client_init ();
|   ;
|   return 0;
| }
configure:17141: result: no
configure:17155: checking sasl/sasl.h usability
configure:17155: gcc -c  -I/usr/local/opt/openssl/include conftest.c >&5
configure:17155: $? = 0
configure:17155: result: yes
configure:17155: checking sasl/sasl.h presence
configure:17155: gcc -E -I/usr/local/opt/openssl/include conftest.c
configure:17155: $? = 0
configure:17155: result: yes
configure:17155: checking for sasl/sasl.h
configure:17155: result: yes
configure:17314: checking for sasl/sasl.h
configure:17314: result: yes
configure:17352: checking for sasl_client_done in -lsasl2
configure:17377: gcc -o conftest  -I/usr/local/opt/openssl/include -L/usr/local/opt/openssl/lib conftest.c -lsasl2   >&5
configure:17377: $? = 0
configure:17386: result: yes
configure:17414: checking whether to enable crypto and TLS
configure:17423: result: auto
configure:17426: checking whether to use system crypto profile
configure:17435: result: no
configure:17444: checking for SSL
configure:17451: $PKG_CONFIG --exists --print-errors "openssl"
configure:17454: $? = 0
configure:17468: $PKG_CONFIG --exists --print-errors "openssl"
configure:17471: $? = 0
configure:17707: result: yes
configure:17768: checking openssl/bio.h usability
configure:17768: gcc -c  -I/usr/local/opt/openssl/include conftest.c >&5
configure:17768: $? = 0
configure:17768: result: yes
configure:17768: checking openssl/bio.h presence
configure:17768: gcc -E -I/usr/local/opt/openssl/include conftest.c
configure:17768: $? = 0
configure:17768: result: yes
configure:17768: checking for openssl/bio.h
configure:17768: result: yes
configure:17768: checking openssl/ssl.h usability
configure:17768: gcc -c  -I/usr/local/opt/openssl/include conftest.c >&5
configure:17768: $? = 0
configure:17768: result: yes
configure:17768: checking openssl/ssl.h presence
configure:17768: gcc -E -I/usr/local/opt/openssl/include conftest.c
configure:17768: $? = 0
configure:17768: result: yes
configure:17768: checking for openssl/ssl.h
configure:17768: result: yes
configure:17768: checking openssl/err.h usability
configure:17768: gcc -c  -I/usr/local/opt/openssl/include conftest.c >&5
configure:17768: $? = 0
configure:17768: result: yes
configure:17768: checking openssl/err.h presence
configure:17768: gcc -E -I/usr/local/opt/openssl/include conftest.c
configure:17768: $? = 0
configure:17768: result: yes
configure:17768: checking for openssl/err.h
configure:17768: result: yes
configure:17768: checking openssl/crypto.h usability
configure:17768: gcc -c  -I/usr/local/opt/openssl/include conftest.c >&5
configure:17768: $? = 0
configure:17768: result: yes
configure:17768: checking openssl/crypto.h presence
configure:17768: gcc -E -I/usr/local/opt/openssl/include conftest.c
configure:17768: $? = 0
configure:17768: result: yes
configure:17768: checking for openssl/crypto.h
configure:17768: result: yes
configure:17802: checking which TLS library to use
configure:17804: result: openssl
configure:18059: checking for shm_open
configure:18059: gcc -o conftest  -I/usr/local/opt/openssl/include -L/usr/local/opt/openssl/lib conftest.c  >&5
configure:18059: $? = 0
configure:18059: result: yes
configure:18116: checking for sched_getcpu
configure:18116: gcc -o conftest  -I/usr/local/opt/openssl/include -L/usr/local/opt/openssl/lib conftest.c  >&5
Undefined symbols for architecture x86_64:
  "_sched_getcpu", referenced from:
      _main in conftest-ef625d.o
ld: symbol(s) not found for architecture x86_64
clang: error: linker command failed with exit code 1 (use -v to see invocation)
configure:18116: $? = 1
configure: failed program was:
| /* confdefs.h */
| #define PACKAGE_NAME "mongo-c-driver"
| #define PACKAGE_TARNAME "mongo-c-driver"
| #define PACKAGE_VERSION "1.6.3"
| #define PACKAGE_STRING "mongo-c-driver 1.6.3"
| #define PACKAGE_BUGREPORT "https://jira.mongodb.org/browse/CDRIVER"
| #define PACKAGE_URL ""
| #define ACCEPT_ARG2 struct sockaddr
| #define ACCEPT_ARG3 socklen_t
| #define HAVE_TYPEOF 1
| #define STDC_HEADERS 1
| #define HAVE_SYS_TYPES_H 1
| #define HAVE_SYS_STAT_H 1
| #define HAVE_STDLIB_H 1
| #define HAVE_STRING_H 1
| #define HAVE_MEMORY_H 1
| #define HAVE_STRINGS_H 1
| #define HAVE_INTTYPES_H 1
| #define HAVE_STDINT_H 1
| #define HAVE_UNISTD_H 1
| #define HAVE_STRINGS_H 1
| #define HAVE_DLFCN_H 1
| #define LT_OBJDIR ".libs/"
| #define HAVE_SASL_SASL_H 1
| #define HAVE_OPENSSL_BIO_H 1
| #define HAVE_OPENSSL_SSL_H 1
| #define HAVE_OPENSSL_ERR_H 1
| #define HAVE_OPENSSL_CRYPTO_H 1
| #define HAVE_SHM_OPEN 1
| /* end confdefs.h.  */
| /* Define sched_getcpu to an innocuous variant, in case <limits.h> declares sched_getcpu.
|    For example, HP-UX 11i <limits.h> declares gettimeofday.  */
| #define sched_getcpu innocuous_sched_getcpu
| 
| /* System header to define __stub macros and hopefully few prototypes,
|     which can conflict with char sched_getcpu (); below.
|     Prefer <limits.h> to <assert.h> if __STDC__ is defined, since
|     <limits.h> exists even on freestanding compilers.  */
| 
| #ifdef __STDC__
| # include <limits.h>
| #else
| # include <assert.h>
| #endif
| 
| #undef sched_getcpu
| 
| /* Override any GCC internal prototype to avoid an error.
|    Use char because int might match the return type of a GCC
|    builtin and then its argument prototype would still apply.  */
| #ifdef __cplusplus
| extern "C"
| #endif
| char sched_getcpu ();
| /* The GNU C library defines this for functions which it implements
|     to always fail with ENOSYS.  Some functions are actually named
|     something starting with __ and the normal name is an alias.  */
| #if defined __stub_sched_getcpu || defined __stub___sched_getcpu
| choke me
| #endif
| 
| int
| main ()
| {
| return sched_getcpu ();
|   ;
|   return 0;
| }
configure:18116: result: no
configure:18127: checking for library containing clock_gettime
configure:18158: gcc -o conftest  -I/usr/local/opt/openssl/include -L/usr/local/opt/openssl/lib conftest.c  >&5
configure:18158: $? = 0
configure:18175: result: none required
configure:18199: checking for socklen_t
configure:18199: gcc -c  -I/usr/local/opt/openssl/include -DMONGOC_ENABLE_SHM_COUNTERS conftest.c >&5
configure:18199: $? = 0
configure:18199: gcc -c  -I/usr/local/opt/openssl/include -DMONGOC_ENABLE_SHM_COUNTERS conftest.c >&5
conftest.c:37:24: error: expected expression
if (sizeof ((socklen_t)))
                       ^
1 error generated.
configure:18199: $? = 1
configure: failed program was:
| /* confdefs.h */
| #define PACKAGE_NAME "mongo-c-driver"
| #define PACKAGE_TARNAME "mongo-c-driver"
| #define PACKAGE_VERSION "1.6.3"
| #define PACKAGE_STRING "mongo-c-driver 1.6.3"
| #define PACKAGE_BUGREPORT "https://jira.mongodb.org/browse/CDRIVER"
| #define PACKAGE_URL ""
| #define ACCEPT_ARG2 struct sockaddr
| #define ACCEPT_ARG3 socklen_t
| #define HAVE_TYPEOF 1
| #define STDC_HEADERS 1
| #define HAVE_SYS_TYPES_H 1
| #define HAVE_SYS_STAT_H 1
| #define HAVE_STDLIB_H 1
| #define HAVE_STRING_H 1
| #define HAVE_MEMORY_H 1
| #define HAVE_STRINGS_H 1
| #define HAVE_INTTYPES_H 1
| #define HAVE_STDINT_H 1
| #define HAVE_UNISTD_H 1
| #define HAVE_STRINGS_H 1
| #define HAVE_DLFCN_H 1
| #define LT_OBJDIR ".libs/"
| #define HAVE_SASL_SASL_H 1
| #define HAVE_OPENSSL_BIO_H 1
| #define HAVE_OPENSSL_SSL_H 1
| #define HAVE_OPENSSL_ERR_H 1
| #define HAVE_OPENSSL_CRYPTO_H 1
| #define HAVE_SHM_OPEN 1
| #define HAVE_CLOCK_GETTIME 1
| /* end confdefs.h.  */
| #include <sys/socket.h>
| 
| int
| main ()
| {
| if (sizeof ((socklen_t)))
| 	    return 0;
|   ;
|   return 0;
| }
configure:18199: result: yes
configure:18322: checking if compiler needs -Werror to reject unknown flags
configure:18338: gcc -c  -Werror -Wunknown-warning-option -Wsizeof-array-argument -I/usr/local/opt/openssl/include -DMONGOC_ENABLE_SHM_COUNTERS conftest.c >&5
configure:18338: $? = 0
configure:18339: result: yes
configure:18359: checking whether pthreads work with -pthread
configure:18447: gcc -o conftest  -pthread -Werror -I/usr/local/opt/openssl/include -DMONGOC_ENABLE_SHM_COUNTERS -L/usr/local/opt/openssl/lib conftest.c   >&5
configure:18447: $? = 0
configure:18456: result: yes
configure:18475: checking for joinable pthread attribute
configure:18490: gcc -o conftest  -pthread -I/usr/local/opt/openssl/include -DMONGOC_ENABLE_SHM_COUNTERS -L/usr/local/opt/openssl/lib conftest.c   >&5
configure:18490: $? = 0
configure:18496: result: PTHREAD_CREATE_JOINABLE
configure:18506: checking if more special flags are required for pthreads
configure:18521: result: -D_THREAD_SAFE
configure:18527: checking for PTHREAD_PRIO_INHERIT
configure:18544: gcc -o conftest  -pthread -I/usr/local/opt/openssl/include -DMONGOC_ENABLE_SHM_COUNTERS -L/usr/local/opt/openssl/lib conftest.c   >&5
configure:18544: $? = 0
configure:18553: result: yes
configure:19396: checking whether C compiler accepts -Wno-deprecated-declarations
configure:19415: gcc -c   -Wno-deprecated-declarations -I/usr/local/opt/openssl/include -DMONGOC_ENABLE_SHM_COUNTERS conftest.c >&5
configure:19415: $? = 0
configure:19423: result: yes
configure:19433: checking whether C compiler accepts -Wno-cast-align
configure:19452: gcc -c  -Wno-deprecated-declarations  -Wno-cast-align -I/usr/local/opt/openssl/include -DMONGOC_ENABLE_SHM_COUNTERS conftest.c >&5
configure:19452: $? = 0
configure:19460: result: yes
configure:19470: checking whether C compiler accepts -Wno-unneeded-internal-declaration
configure:19489: gcc -c  -Wno-deprecated-declarations -Wno-cast-align  -Wno-unneeded-internal-declaration -I/usr/local/opt/openssl/include -DMONGOC_ENABLE_SHM_COUNTERS conftest.c >&5
configure:19489: $? = 0
configure:19497: result: yes
configure:19553: checking whether the linker accepts -Wl,-Bsymbolic
configure:19572: gcc -o conftest  -Wno-deprecated-declarations -Wno-cast-align -Wno-unneeded-internal-declaration -I/usr/local/opt/openssl/include -DMONGOC_ENABLE_SHM_COUNTERS -L/usr/local/opt/openssl/lib -Werror  -Wl,-Bsymbolic conftest.c  >&5
ld: unknown option: -Bsymbolic
clang: error: linker command failed with exit code 1 (use -v to see invocation)
configure:19572: $? = 1
configure: failed program was:
| /* confdefs.h */
| #define PACKAGE_NAME "mongo-c-driver"
| #define PACKAGE_TARNAME "mongo-c-driver"
| #define PACKAGE_VERSION "1.6.3"
| #define PACKAGE_STRING "mongo-c-driver 1.6.3"
| #define PACKAGE_BUGREPORT "https://jira.mongodb.org/browse/CDRIVER"
| #define PACKAGE_URL ""
| #define ACCEPT_ARG2 struct sockaddr
| #define ACCEPT_ARG3 socklen_t
| #define HAVE_TYPEOF 1
| #define STDC_HEADERS 1
| #define HAVE_SYS_TYPES_H 1
| #define HAVE_SYS_STAT_H 1
| #define HAVE_STDLIB_H 1
| #define HAVE_STRING_H 1
| #define HAVE_MEMORY_H 1
| #define HAVE_STRINGS_H 1
| #define HAVE_INTTYPES_H 1
| #define HAVE_STDINT_H 1
| #define HAVE_UNISTD_H 1
| #define HAVE_STRINGS_H 1
| #define HAVE_DLFCN_H 1
| #define LT_OBJDIR ".libs/"
| #define HAVE_SASL_SASL_H 1
| #define HAVE_OPENSSL_BIO_H 1
| #define HAVE_OPENSSL_SSL_H 1
| #define HAVE_OPENSSL_ERR_H 1
| #define HAVE_OPENSSL_CRYPTO_H 1
| #define HAVE_SHM_OPEN 1
| #define HAVE_CLOCK_GETTIME 1
| #define HAVE_PTHREAD_PRIO_INHERIT 1
| #define HAVE_PTHREAD 1
| /* end confdefs.h.  */
| 
| int
| main ()
| {
| 
|   ;
|   return 0;
| }
configure:19581: result: no
configure:19621: checking if weak symbols are supported
configure:19638: gcc -o conftest  -Wno-deprecated-declarations -Wno-cast-align -Wno-unneeded-internal-declaration -O2 -I/usr/local/opt/openssl/include -DMONGOC_ENABLE_SHM_COUNTERS -L/usr/local/opt/openssl/lib conftest.c  >&5
configure:19638: $? = 0
configure:19639: result: yes
configure:19671: checking whether build environment is sane
configure:19726: result: yes
configure:19874: checking for a thread-safe mkdir -p
configure:19913: result: build/autotools/install-sh -c -d
configure:19916: checking whether make sets $(MAKE)
configure:19938: result: yes
configure:19968: checking for style of include used by make
configure:19996: result: GNU
configure:20030: checking whether make supports nested variables
configure:20047: result: yes
configure:20136: checking whether UID '502' is supported by ustar format
configure:20139: result: yes
configure:20146: checking whether GID '20' is supported by ustar format
configure:20149: result: yes
configure:20157: checking how to create a ustar tar archive
configure:20168: tar --version
bsdtar 2.8.3 - libarchive 2.8.3
configure:20171: $? = 0
configure:20211: tardir=conftest.dir && eval tar --format=ustar -chf - "$tardir" >conftest.tar
configure:20214: $? = 0
configure:20218: tar -xf - <conftest.tar
configure:20221: $? = 0
configure:20223: cat conftest.dir/file
GrepMe
configure:20226: $? = 0
configure:20239: result: gnutar
configure:20248: checking dependency style of gcc
configure:20359: result: gcc3
configure:20376: checking dependency style of g++
configure:20487: result: gcc3
configure:20556: checking whether make supports nested variables
configure:20573: result: yes
configure:21133: checking that generated files are newer than configure
configure:21139: result: done
configure:21238: creating ./config.status

## ---------------------- ##
## Running config.status. ##
## ---------------------- ##

This file was extended by mongo-c-driver config.status 1.6.3, which was
generated by GNU Autoconf 2.69.  Invocation command line was

  CONFIG_FILES    = 
  CONFIG_HEADERS  = 
  CONFIG_LINKS    = 
  CONFIG_COMMANDS = 
  $ ./config.status 

on mjose-mbp15

config.status:1198: creating Makefile
config.status:1198: creating src/libmongoc-1.0.pc
config.status:1198: creating src/libmongoc-ssl-1.0.pc
config.status:1198: creating src/mongoc/mongoc-config.h
config.status:1198: creating src/mongoc/mongoc-version.h
config.status:1370: executing libtool commands
config.status:1370: executing depfiles commands
configure:23534: === configuring in src/libbson (/Users/mjose/Downloads/mongoc-1.6.3/mongo-c-driver-1.6.3/src/libbson)
configure:23597: running /bin/sh ./configure --disable-option-checking '--prefix=/usr/local'  '--with-libbson=bundled' 'LDFLAGS=-L/usr/local/opt/openssl/lib' 'CPPFLAGS=-I/usr/local/opt/openssl/include' --cache-file=/dev/null --srcdir=.

## ---------------- ##
## Cache variables. ##
## ---------------- ##

ac_cv_build=x86_64-apple-darwin16.7.0
ac_cv_c_compiler_gnu=yes
ac_cv_c_const=yes
ac_cv_c_inline=inline
ac_cv_c_typeof=typeof
ac_cv_cxx_compiler_gnu=yes
ac_cv_env_BSON_CFLAGS_set=
ac_cv_env_BSON_CFLAGS_value=
ac_cv_env_BSON_LIBS_set=
ac_cv_env_BSON_LIBS_value=
ac_cv_env_CCC_set=
ac_cv_env_CCC_value=
ac_cv_env_CC_set=
ac_cv_env_CC_value=
ac_cv_env_CFLAGS_set=
ac_cv_env_CFLAGS_value=
ac_cv_env_CPPFLAGS_set=set
ac_cv_env_CPPFLAGS_value=-I/usr/local/opt/openssl/include
ac_cv_env_CPP_set=
ac_cv_env_CPP_value=
ac_cv_env_CXXCPP_set=
ac_cv_env_CXXCPP_value=
ac_cv_env_CXXFLAGS_set=
ac_cv_env_CXXFLAGS_value=
ac_cv_env_CXX_set=
ac_cv_env_CXX_value=
ac_cv_env_LDFLAGS_set=set
ac_cv_env_LDFLAGS_value=-L/usr/local/opt/openssl/lib
ac_cv_env_LIBS_set=
ac_cv_env_LIBS_value=
ac_cv_env_LT_SYS_LIBRARY_PATH_set=
ac_cv_env_LT_SYS_LIBRARY_PATH_value=
ac_cv_env_PKG_CONFIG_LIBDIR_set=
ac_cv_env_PKG_CONFIG_LIBDIR_value=
ac_cv_env_PKG_CONFIG_PATH_set=
ac_cv_env_PKG_CONFIG_PATH_value=
ac_cv_env_PKG_CONFIG_set=
ac_cv_env_PKG_CONFIG_value=
ac_cv_env_SASL_CFLAGS_set=
ac_cv_env_SASL_CFLAGS_value=
ac_cv_env_SASL_LIBS_set=
ac_cv_env_SASL_LIBS_value=
ac_cv_env_SSL_CFLAGS_set=
ac_cv_env_SSL_CFLAGS_value=
ac_cv_env_SSL_LIBS_set=
ac_cv_env_SSL_LIBS_value=
ac_cv_env_build_alias_set=
ac_cv_env_build_alias_value=
ac_cv_env_host_alias_set=
ac_cv_env_host_alias_value=
ac_cv_env_target_alias_set=
ac_cv_env_target_alias_value=
ac_cv_func_sched_getcpu=no
ac_cv_func_shm_open=yes
ac_cv_header_dlfcn_h=yes
ac_cv_header_inttypes_h=yes
ac_cv_header_memory_h=yes
ac_cv_header_openssl_bio_h=yes
ac_cv_header_openssl_crypto_h=yes
ac_cv_header_openssl_err_h=yes
ac_cv_header_openssl_ssl_h=yes
ac_cv_header_sasl_sasl_h=yes
ac_cv_header_stdc=yes
ac_cv_header_stdint_h=yes
ac_cv_header_stdlib_h=yes
ac_cv_header_string_h=yes
ac_cv_header_strings_h=yes
ac_cv_header_sys_stat_h=yes
ac_cv_header_sys_types_h=yes
ac_cv_header_unistd_h=yes
ac_cv_host=x86_64-apple-darwin16.7.0
ac_cv_lib_sasl2_sasl_client_done=yes
ac_cv_lib_sasl2_sasl_client_init=yes
ac_cv_lib_sasl_sasl_client_init=no
ac_cv_objext=o
ac_cv_path_EGREP='/usr/bin/grep -E'
ac_cv_path_FGREP='/usr/bin/grep -F'
ac_cv_path_GREP=/usr/bin/grep
ac_cv_path_MV=/bin/mv
ac_cv_path_PERL=/usr/bin/perl
ac_cv_path_SED=/usr/bin/sed
ac_cv_path_ac_pt_PKG_CONFIG=/usr/local/bin/pkg-config
ac_cv_path_install='/usr/bin/install -c'
ac_cv_path_lt_DD=/bin/dd
ac_cv_prog_AWK=awk
ac_cv_prog_CPP='gcc -E'
ac_cv_prog_CXXCPP='g++ -E'
ac_cv_prog_ac_ct_AR=ar
ac_cv_prog_ac_ct_CC=gcc
ac_cv_prog_ac_ct_CXX=g++
ac_cv_prog_ac_ct_DLLTOOL=dlltool
ac_cv_prog_ac_ct_DSYMUTIL=dsymutil
ac_cv_prog_ac_ct_LIPO=lipo
ac_cv_prog_ac_ct_NMEDIT=nmedit
ac_cv_prog_ac_ct_OBJDUMP=objdump
ac_cv_prog_ac_ct_OTOOL=otool
ac_cv_prog_ac_ct_RANLIB=ranlib
ac_cv_prog_ac_ct_STRIP=strip
ac_cv_prog_cc_c89=
ac_cv_prog_cc_g=yes
ac_cv_prog_cxx_g=yes
ac_cv_prog_make_make_set=yes
ac_cv_search_clock_gettime='none required'
ac_cv_target=x86_64-apple-darwin16.7.0
ac_cv_type_socklen_t=yes
am_cv_CC_dependencies_compiler_type=gcc3
am_cv_CXX_dependencies_compiler_type=gcc3
am_cv_make_support_nested_variables=yes
am_cv_prog_cc_c_o=yes
am_cv_prog_tar_ustar=gnutar
ax_cv_PTHREAD_PRIO_INHERIT=yes
ax_cv_check_cflags___Wno_cast_align=yes
ax_cv_check_cflags___Wno_deprecated_declarations=yes
ax_cv_check_cflags___Wno_unneeded_internal_declaration=yes
ax_cv_check_ldflags__Werror___Wl__Bsymbolic=no
lt_cv_apple_cc_single_mod=yes
lt_cv_ar_at_file=no
lt_cv_deplibs_check_method=pass_all
lt_cv_file_magic_cmd='$MAGIC_CMD'
lt_cv_file_magic_test_file=
lt_cv_ld_exported_symbols_list=yes
lt_cv_ld_force_load=yes
lt_cv_ld_reload_flag=-r
lt_cv_nm_interface='BSD nm'
lt_cv_objdir=.libs
lt_cv_path_LD=/Library/Developer/CommandLineTools/usr/bin/ld
lt_cv_path_LDCXX=/Library/Developer/CommandLineTools/usr/bin/ld
lt_cv_path_NM='/usr/bin/nm -B'
lt_cv_path_mainfest_tool=no
lt_cv_prog_compiler_c_o=yes
lt_cv_prog_compiler_c_o_CXX=yes
lt_cv_prog_compiler_pic='-fno-common -DPIC'
lt_cv_prog_compiler_pic_CXX='-fno-common -DPIC'
lt_cv_prog_compiler_pic_works=yes
lt_cv_prog_compiler_pic_works_CXX=yes
lt_cv_prog_compiler_rtti_exceptions=yes
lt_cv_prog_compiler_static_works=no
lt_cv_prog_compiler_static_works_CXX=no
lt_cv_prog_gnu_ld=no
lt_cv_prog_gnu_ldcxx=no
lt_cv_sharedlib_from_linklib_cmd='printf %s\n'
lt_cv_sys_global_symbol_pipe='sed -n -e '\''s/^.*[	 ]\([BCDEGRST][BCDEGRST]*\)[	 ][	 ]*_\([_A-Za-z][_A-Za-z0-9]*\)$/\1 _\2 \2/p'\'' | sed '\''/ __gnu_lto/d'\'''
lt_cv_sys_global_symbol_to_c_name_address='sed -n -e '\''s/^: \(.*\) .*$/  {"\1", (void *) 0},/p'\'' -e '\''s/^[BCDEGRST][BCDEGRST]* .* \(.*\)$/  {"\1", (void *) \&\1},/p'\'''
lt_cv_sys_global_symbol_to_c_name_address_lib_prefix='sed -n -e '\''s/^: \(.*\) .*$/  {"\1", (void *) 0},/p'\'' -e '\''s/^[BCDEGRST][BCDEGRST]* .* \(lib.*\)$/  {"\1", (void *) \&\1},/p'\'' -e '\''s/^[BCDEGRST][BCDEGRST]* .* \(.*\)$/  {"lib\1", (void *) \&\1},/p'\'''
lt_cv_sys_global_symbol_to_cdecl='sed -n -e '\''s/^T .* \(.*\)$/extern int \1();/p'\'' -e '\''s/^[BCDEGRST][BCDEGRST]* .* \(.*\)$/extern char \1;/p'\'''
lt_cv_sys_global_symbol_to_import=
lt_cv_sys_max_cmd_len=196608
lt_cv_to_host_file_cmd=func_convert_file_noop
lt_cv_to_tool_file_cmd=func_convert_file_noop
lt_cv_truncate_bin='/bin/dd bs=4096 count=1'
pkg_cv_SSL_CFLAGS=
pkg_cv_SSL_LIBS='-lssl -lcrypto -lz'

## ----------------- ##
## Output variables. ##
## ----------------- ##

ACCEPT_ARG2='struct sockaddr'
ACCEPT_ARG3='socklen_t'
ACLOCAL='${SHELL} /Users/mjose/Downloads/mongoc-1.6.3/mongo-c-driver-1.6.3/build/autotools/missing aclocal-1.15'
ACLOCAL_AMFLAGS='-I build/autotools'
AMDEPBACKSLASH='\'
AMDEP_FALSE='#'
AMDEP_TRUE=''
AMTAR='$${TAR-tar}'
AM_BACKSLASH='\'
AM_DEFAULT_V='$(AM_DEFAULT_VERBOSITY)'
AM_DEFAULT_VERBOSITY='0'
AM_V='$(V)'
AR='ar'
AS='as'
AUTOCONF='${SHELL} /Users/mjose/Downloads/mongoc-1.6.3/mongo-c-driver-1.6.3/build/autotools/missing autoconf'
AUTOHEADER='${SHELL} /Users/mjose/Downloads/mongoc-1.6.3/mongo-c-driver-1.6.3/build/autotools/missing autoheader'
AUTOMAKE='${SHELL} /Users/mjose/Downloads/mongoc-1.6.3/mongo-c-driver-1.6.3/build/autotools/missing automake-1.15'
AWK='awk'
BSON_CFLAGS='-I./src/libbson/src/bson -Isrc/libbson/src/bson'
BSON_LIBS='src/libbson/libbson-1.0.la'
BSON_OS='1'
CC='gcc'
CCDEPMODE='depmode=gcc3'
CFLAGS=' -Wno-deprecated-declarations -Wno-cast-align -Wno-unneeded-internal-declaration -O2'
COMPILER_CLANG_FALSE=''
COMPILER_CLANG_TRUE='#'
COMPILER_GCC_FALSE=''
COMPILER_GCC_TRUE='#'
COVERAGE_CFLAGS=''
COVERAGE_LDFLAGS=''
CPP='gcc -E'
CPPFLAGS='-I/usr/local/opt/openssl/include -DMONGOC_ENABLE_SHM_COUNTERS'
CXX='g++'
CXXCPP='g++ -E'
CXXDEPMODE='depmode=gcc3'
CXXFLAGS=''
CYGPATH_W='echo'
DEFS='-DPACKAGE_NAME=\"mongo-c-driver\" -DPACKAGE_TARNAME=\"mongo-c-driver\" -DPACKAGE_VERSION=\"1.6.3\" -DPACKAGE_STRING=\"mongo-c-driver\ 1.6.3\" -DPACKAGE_BUGREPORT=\"https://jira.mongodb.org/browse/CDRIVER\" -DPACKAGE_URL=\"\" -DACCEPT_ARG2=struct\ sockaddr -DACCEPT_ARG3=socklen_t -DHAVE_TYPEOF=1 -DSTDC_HEADERS=1 -DHAVE_SYS_TYPES_H=1 -DHAVE_SYS_STAT_H=1 -DHAVE_STDLIB_H=1 -DHAVE_STRING_H=1 -DHAVE_MEMORY_H=1 -DHAVE_STRINGS_H=1 -DHAVE_INTTYPES_H=1 -DHAVE_STDINT_H=1 -DHAVE_UNISTD_H=1 -DHAVE_STRINGS_H=1 -DHAVE_DLFCN_H=1 -DLT_OBJDIR=\".libs/\" -DHAVE_SASL_SASL_H=1 -DHAVE_OPENSSL_BIO_H=1 -DHAVE_OPENSSL_SSL_H=1 -DHAVE_OPENSSL_ERR_H=1 -DHAVE_OPENSSL_CRYPTO_H=1 -DHAVE_SHM_OPEN=1 -DHAVE_CLOCK_GETTIME=1 -DHAVE_PTHREAD_PRIO_INHERIT=1 -DHAVE_PTHREAD=1 -DPACKAGE=\"mongo-c-driver\" -DVERSION=\"1.6.3\"'
DEPDIR='.deps'
DLLTOOL='dlltool'
DSYMUTIL='dsymutil'
DUMPBIN=''
ECHO_C='\c'
ECHO_N=''
ECHO_T=''
EGREP='/usr/bin/grep -E'
ENABLE_CRYPTO_CNG_FALSE=''
ENABLE_CRYPTO_CNG_TRUE='#'
ENABLE_CRYPTO_COMMON_CRYPTO_FALSE=''
ENABLE_CRYPTO_COMMON_CRYPTO_TRUE='#'
ENABLE_CRYPTO_FALSE='#'
ENABLE_CRYPTO_LIBCRYPTO_FALSE='#'
ENABLE_CRYPTO_LIBCRYPTO_TRUE=''
ENABLE_CRYPTO_TRUE=''
ENABLE_DEBUG_FALSE=''
ENABLE_DEBUG_TRUE='#'
ENABLE_EXAMPLES_FALSE='#'
ENABLE_EXAMPLES_TRUE=''
ENABLE_HTML_DOCS_FALSE=''
ENABLE_HTML_DOCS_TRUE='#'
ENABLE_LIBBSON_FALSE='#'
ENABLE_LIBBSON_TRUE=''
ENABLE_MAN_PAGES_FALSE=''
ENABLE_MAN_PAGES_TRUE='#'
ENABLE_PTHREADS_FALSE=''
ENABLE_PTHREADS_TRUE='#'
ENABLE_SASL_FALSE='#'
ENABLE_SASL_TRUE=''
ENABLE_SSL_FALSE='#'
ENABLE_SSL_LIBRESSL_FALSE=''
ENABLE_SSL_LIBRESSL_TRUE='#'
ENABLE_SSL_OPENSSL_FALSE='#'
ENABLE_SSL_OPENSSL_TRUE=''
ENABLE_SSL_SECURE_CHANNEL_FALSE=''
ENABLE_SSL_SECURE_CHANNEL_TRUE='#'
ENABLE_SSL_SECURE_TRANSPORT_FALSE=''
ENABLE_SSL_SECURE_TRANSPORT_TRUE='#'
ENABLE_SSL_TRUE=''
ENABLE_STDBOOL_FALSE=''
ENABLE_STDBOOL_TRUE='#'
ENABLE_TESTS_FALSE='#'
ENABLE_TESTS_TRUE=''
EXEEXT=''
EXPLICIT_LIBS_FALSE=''
EXPLICIT_LIBS_TRUE='#'
FGREP='/usr/bin/grep -F'
GREP='/usr/bin/grep'
INSTALL_DATA='${INSTALL} -m 644'
INSTALL_PROGRAM='${INSTALL}'
INSTALL_SCRIPT='${INSTALL}'
INSTALL_STRIP_PROGRAM='$(install_sh) -c -s'
LD='/Library/Developer/CommandLineTools/usr/bin/ld'
LDFLAGS='-L/usr/local/opt/openssl/lib'
LIBC_FEATURES='-D_BSD_SOURCE'
LIBOBJS=''
LIBS=''
LIBTOOL='$(SHELL) $(top_builddir)/libtool'
LIPO='lipo'
LN_S='ln -s'
LTLIBOBJS=''
LT_SYS_LIBRARY_PATH=''
MAINTAINER_CFLAGS=''
MAKEINFO='${SHELL} /Users/mjose/Downloads/mongoc-1.6.3/mongo-c-driver-1.6.3/build/autotools/missing makeinfo'
MANIFEST_TOOL=':'
MKDIR_P='build/autotools/install-sh -c -d'
MONGOC_API_VERSION='1.0'
MONGOC_CC='gcc'
MONGOC_ENABLE_CRYPTO='1'
MONGOC_ENABLE_CRYPTO_CNG='0'
MONGOC_ENABLE_CRYPTO_COMMON_CRYPTO='0'
MONGOC_ENABLE_CRYPTO_LIBCRYPTO='1'
MONGOC_ENABLE_CRYPTO_SYSTEM_PROFILE='0'
MONGOC_ENABLE_SASL='1'
MONGOC_ENABLE_SASL_CYRUS='1'
MONGOC_ENABLE_SASL_SSPI='0'
MONGOC_ENABLE_SSL='1'
MONGOC_ENABLE_SSL_LIBRESSL='0'
MONGOC_ENABLE_SSL_OPENSSL='1'
MONGOC_ENABLE_SSL_SECURE_CHANNEL='0'
MONGOC_ENABLE_SSL_SECURE_TRANSPORT='0'
MONGOC_HAVE_SASL_CLIENT_DONE='1'
MONGOC_HAVE_SOCKLEN='1'
MONGOC_HAVE_WEAK_SYMBOLS='1'
MONGOC_MAJOR_VERSION='1'
MONGOC_MICRO_VERSION='3'
MONGOC_MINOR_VERSION='6'
MONGOC_NO_AUTOMATIC_GLOBALS='0'
MONGOC_PRERELEASE_VERSION=''
MONGOC_RELEASED_MAJOR_VERSION='1'
MONGOC_RELEASED_MICRO_VERSION='3'
MONGOC_RELEASED_MINOR_VERSION='6'
MONGOC_RELEASED_PRERELEASE_VERSION=''
MONGOC_RELEASED_VERSION='1.6.3'
MONGOC_SOCKET_ARG2='struct sockaddr'
MONGOC_SOCKET_ARG3='socklen_t'
MONGOC_USER_SET_CFLAGS=''
MONGOC_USER_SET_LDFLAGS='-L/usr/local/opt/openssl/lib'
MONGOC_VERSION='1.6.3'
MV='/bin/mv'
NM='/usr/bin/nm -B'
NMEDIT='nmedit'
OBJDUMP='objdump'
OBJEXT='o'
OPTIMIZE_CFLAGS=''
OPTIMIZE_LDFLAGS=''
OS_DARWIN_FALSE='#'
OS_DARWIN_TRUE=''
OS_FREEBSD_FALSE=''
OS_FREEBSD_TRUE='#'
OS_GNU_FALSE=''
OS_GNU_TRUE='#'
OS_LINUX_FALSE=''
OS_LINUX_TRUE='#'
OS_SOLARIS_FALSE=''
OS_SOLARIS_TRUE='#'
OS_UNIX_FALSE='#'
OS_UNIX_TRUE=''
OS_WIN32_FALSE=''
OS_WIN32_TRUE='#'
OTOOL64=':'
OTOOL='otool'
PACKAGE='mongo-c-driver'
PACKAGE_BUGREPORT='https://jira.mongodb.org/browse/CDRIVER'
PACKAGE_NAME='mongo-c-driver'
PACKAGE_STRING='mongo-c-driver 1.6.3'
PACKAGE_TARNAME='mongo-c-driver'
PACKAGE_URL=''
PACKAGE_VERSION='1.6.3'
PATH_SEPARATOR=':'
PERL='/usr/bin/perl'
PKG_CONFIG='/usr/local/bin/pkg-config'
PKG_CONFIG_LIBDIR=''
PKG_CONFIG_PATH=''
PTHREAD_CC='gcc'
PTHREAD_CFLAGS='-D_THREAD_SAFE -pthread'
PTHREAD_LIBS=''
RANLIB='ranlib'
SASL_CFLAGS=''
SASL_LIBS='-lsasl2'
SED='/usr/bin/sed'
SET_MAKE=''
SHELL='/bin/sh'
SHM_LIB=''
SPHINX_BUILD=''
SSL_CFLAGS=''
SSL_LIBS='-lssl -lcrypto -lz'
STRIP='strip'
VERSION='1.6.3'
WITH_LIBBSON_FALSE='#'
WITH_LIBBSON_TRUE=''
ac_ct_AR='ar'
ac_ct_CC='gcc'
ac_ct_CXX='g++'
ac_ct_DUMPBIN=''
am__EXEEXT_FALSE=''
am__EXEEXT_TRUE='#'
am__fastdepCC_FALSE='#'
am__fastdepCC_TRUE=''
am__fastdepCXX_FALSE='#'
am__fastdepCXX_TRUE=''
am__include='include'
am__isrc=''
am__leading_dot='.'
am__nodep='_no'
am__quote=''
am__tar='tar --format=ustar -chf - "$$tardir"'
am__untar='tar -xf -'
ax_pthread_config=''
bindir='${exec_prefix}/bin'
build='x86_64-apple-darwin16.7.0'
build_alias=''
build_cpu='x86_64'
build_os='darwin16.7.0'
build_vendor='apple'
datadir='${datarootdir}'
datarootdir='${prefix}/share'
docdir='${datarootdir}/doc/${PACKAGE_TARNAME}'
dvidir='${docdir}'
exec_prefix='${prefix}'
host='x86_64-apple-darwin16.7.0'
host_alias=''
host_cpu='x86_64'
host_os='darwin16.7.0'
host_vendor='apple'
htmldir='${docdir}'
includedir='${prefix}/include'
infodir='${datarootdir}/info'
install_sh='${SHELL} /Users/mjose/Downloads/mongoc-1.6.3/mongo-c-driver-1.6.3/build/autotools/install-sh'
libdir='${exec_prefix}/lib'
libexecdir='${exec_prefix}/libexec'
localedir='${datarootdir}/locale'
localstatedir='${prefix}/var'
mandir='${datarootdir}/man'
mkdir_p='$(MKDIR_P)'
oldincludedir='/usr/include'
pdfdir='${docdir}'
prefix='/usr/local'
program_transform_name='s,x,x,'
psdir='${docdir}'
runstatedir='${localstatedir}/run'
sbindir='${exec_prefix}/sbin'
sharedstatedir='${prefix}/com'
subdirs=' src/libbson'
sysconfdir='${prefix}/etc'
target='x86_64-apple-darwin16.7.0'
target_alias=''
target_cpu='x86_64'
target_os='darwin16.7.0'
target_vendor='apple'

## ----------- ##
## confdefs.h. ##
## ----------- ##

/* confdefs.h */
#define PACKAGE_NAME "mongo-c-driver"
#define PACKAGE_TARNAME "mongo-c-driver"
#define PACKAGE_VERSION "1.6.3"
#define PACKAGE_STRING "mongo-c-driver 1.6.3"
#define PACKAGE_BUGREPORT "https://jira.mongodb.org/browse/CDRIVER"
#define PACKAGE_URL ""
#define ACCEPT_ARG2 struct sockaddr
#define ACCEPT_ARG3 socklen_t
#define HAVE_TYPEOF 1
#define STDC_HEADERS 1
#define HAVE_SYS_TYPES_H 1
#define HAVE_SYS_STAT_H 1
#define HAVE_STDLIB_H 1
#define HAVE_STRING_H 1
#define HAVE_MEMORY_H 1
#define HAVE_STRINGS_H 1
#define HAVE_INTTYPES_H 1
#define HAVE_STDINT_H 1
#define HAVE_UNISTD_H 1
#define HAVE_STRINGS_H 1
#define HAVE_DLFCN_H 1
#define LT_OBJDIR ".libs/"
#define HAVE_SASL_SASL_H 1
#define HAVE_OPENSSL_BIO_H 1
#define HAVE_OPENSSL_SSL_H 1
#define HAVE_OPENSSL_ERR_H 1
#define HAVE_OPENSSL_CRYPTO_H 1
#define HAVE_SHM_OPEN 1
#define HAVE_CLOCK_GETTIME 1
#define HAVE_PTHREAD_PRIO_INHERIT 1
#define HAVE_PTHREAD 1
#define PACKAGE "mongo-c-driver"
#define VERSION "1.6.3"

configure: exit 0
